<?xml version="1.0" encoding="UTF-8"?>
<coverage generated="1761909176891" clover="3.2.0">
  <project timestamp="1761909176892" name="All files">
    <metrics statements="90" coveredstatements="63" conditionals="18" coveredconditionals="10" methods="36" coveredmethods="22" elements="144" coveredelements="95" complexity="0" loc="90" ncloc="90" packages="4" files="8" classes="8"/>
    <package name="src">
      <metrics statements="11" coveredstatements="0" conditionals="8" coveredconditionals="0" methods="5" coveredmethods="0"/>
      <file name="App.tsx" path="C:\dev\workspace\TBZ\M450 - Applikationen testen\ReactRustTodo\frontend\src\App.tsx">
        <metrics statements="11" coveredstatements="0" conditionals="8" coveredconditionals="0" methods="5" coveredmethods="0"/>
        <line num="6" count="0" type="stmt"/>
        <line num="8" count="0" type="stmt"/>
        <line num="9" count="0" type="stmt"/>
        <line num="11" count="0" type="cond" truecount="0" falsecount="2"/>
        <line num="12" count="0" type="stmt"/>
        <line num="14" count="0" type="stmt"/>
        <line num="17" count="0" type="cond" truecount="0" falsecount="4"/>
        <line num="18" count="0" type="stmt"/>
        <line num="20" count="0" type="stmt"/>
        <line num="24" count="0" type="stmt"/>
        <line num="31" count="0" type="stmt"/>
      </file>
      <file name="types.ts" path="C:\dev\workspace\TBZ\M450 - Applikationen testen\ReactRustTodo\frontend\src\types.ts">
        <metrics statements="0" coveredstatements="0" conditionals="0" coveredconditionals="0" methods="0" coveredmethods="0"/>
      </file>
      <file name="vite-env.d.ts" path="C:\dev\workspace\TBZ\M450 - Applikationen testen\ReactRustTodo\frontend\src\vite-env.d.ts">
        <metrics statements="0" coveredstatements="0" conditionals="0" coveredconditionals="0" methods="0" coveredmethods="0"/>
      </file>
    </package>
    <package name="src.components">
      <metrics statements="66" coveredstatements="63" conditionals="10" coveredconditionals="10" methods="25" coveredmethods="22"/>
      <file name="CreateTodoModal.tsx" path="C:\dev\workspace\TBZ\M450 - Applikationen testen\ReactRustTodo\frontend\src\components\CreateTodoModal.tsx">
        <metrics statements="19" coveredstatements="19" conditionals="2" coveredconditionals="2" methods="4" coveredmethods="4"/>
        <line num="16" count="2" type="stmt"/>
        <line num="28" count="2" type="stmt"/>
        <line num="31" count="44" type="stmt"/>
        <line num="32" count="44" type="stmt"/>
        <line num="33" count="44" type="stmt"/>
        <line num="34" count="44" type="stmt"/>
        <line num="36" count="44" type="stmt"/>
        <line num="37" count="4" type="stmt"/>
        <line num="39" count="4" type="stmt"/>
        <line num="40" count="4" type="stmt"/>
        <line num="48" count="4" type="stmt"/>
        <line num="49" count="4" type="stmt"/>
        <line num="50" count="4" type="stmt"/>
        <line num="51" count="3" type="stmt"/>
        <line num="52" count="3" type="stmt"/>
        <line num="54" count="1" type="stmt"/>
        <line num="56" count="4" type="stmt"/>
        <line num="57" count="4" type="stmt"/>
        <line num="61" count="44" type="stmt"/>
      </file>
      <file name="EditModal.tsx" path="C:\dev\workspace\TBZ\M450 - Applikationen testen\ReactRustTodo\frontend\src\components\EditModal.tsx">
        <metrics statements="20" coveredstatements="19" conditionals="2" coveredconditionals="2" methods="4" coveredmethods="4"/>
        <line num="17" count="2" type="stmt"/>
        <line num="29" count="2" type="stmt"/>
        <line num="30" count="81" type="stmt"/>
        <line num="31" count="81" type="stmt"/>
        <line num="32" count="81" type="stmt"/>
        <line num="33" count="81" type="stmt"/>
        <line num="34" count="81" type="stmt"/>
        <line num="36" count="81" type="stmt"/>
        <line num="37" count="5" type="stmt"/>
        <line num="39" count="5" type="stmt"/>
        <line num="40" count="5" type="stmt"/>
        <line num="49" count="5" type="stmt"/>
        <line num="50" count="5" type="stmt"/>
        <line num="51" count="5" type="stmt"/>
        <line num="52" count="4" type="stmt"/>
        <line num="54" count="0" type="stmt"/>
        <line num="56" count="4" type="stmt"/>
        <line num="57" count="4" type="stmt"/>
        <line num="61" count="4" type="stmt"/>
        <line num="64" count="81" type="stmt"/>
      </file>
      <file name="Todos.tsx" path="C:\dev\workspace\TBZ\M450 - Applikationen testen\ReactRustTodo\frontend\src\components\Todos.tsx">
        <metrics statements="27" coveredstatements="25" conditionals="6" coveredconditionals="6" methods="17" coveredmethods="14"/>
        <line num="14" count="1" type="stmt"/>
        <line num="15" count="22" type="stmt"/>
        <line num="16" count="22" type="stmt"/>
        <line num="18" count="22" type="stmt"/>
        <line num="19" count="8" type="stmt"/>
        <line num="20" count="8" type="stmt"/>
        <line num="21" count="8" type="stmt"/>
        <line num="23" count="8" type="stmt"/>
        <line num="26" count="8" type="stmt"/>
        <line num="29" count="53" type="stmt"/>
        <line num="30" count="2" type="stmt"/>
        <line num="31" count="1" type="stmt"/>
        <line num="36" count="22" type="stmt"/>
        <line num="37" count="3" type="stmt"/>
        <line num="40" count="22" type="stmt"/>
        <line num="41" count="2" type="stmt"/>
        <line num="42" count="2" type="stmt"/>
        <line num="43" count="2" type="stmt"/>
        <line num="44" count="4" type="cond" truecount="2" falsecount="0"/>
        <line num="49" count="2" type="stmt"/>
        <line num="52" count="22" type="stmt"/>
        <line num="53" count="0" type="stmt"/>
        <line num="58" count="22" type="stmt"/>
        <line num="66" count="53" type="stmt"/>
        <line num="73" count="0" type="stmt"/>
        <line num="81" count="2" type="stmt"/>
        <line num="112" count="108" type="stmt"/>
      </file>
    </package>
    <package name="src.middleware">
      <metrics statements="11" coveredstatements="0" conditionals="0" coveredconditionals="0" methods="5" coveredmethods="0"/>
      <file name="Controller.ts" path="C:\dev\workspace\TBZ\M450 - Applikationen testen\ReactRustTodo\frontend\src\middleware\Controller.ts">
        <metrics statements="11" coveredstatements="0" conditionals="0" coveredconditionals="0" methods="5" coveredmethods="0"/>
        <line num="4" count="0" type="stmt"/>
        <line num="6" count="0" type="stmt"/>
        <line num="7" count="0" type="stmt"/>
        <line num="10" count="0" type="stmt"/>
        <line num="11" count="0" type="stmt"/>
        <line num="14" count="0" type="stmt"/>
        <line num="15" count="0" type="stmt"/>
        <line num="18" count="0" type="stmt"/>
        <line num="19" count="0" type="stmt"/>
        <line num="22" count="0" type="stmt"/>
        <line num="23" count="0" type="stmt"/>
      </file>
    </package>
    <package name="src.providers">
      <metrics statements="2" coveredstatements="0" conditionals="0" coveredconditionals="0" methods="1" coveredmethods="0"/>
      <file name="BoxProvider.tsx" path="C:\dev\workspace\TBZ\M450 - Applikationen testen\ReactRustTodo\frontend\src\providers\BoxProvider.tsx">
        <metrics statements="2" coveredstatements="0" conditionals="0" coveredconditionals="0" methods="1" coveredmethods="0"/>
        <line num="7" count="0" type="stmt"/>
        <line num="10" count="0" type="stmt"/>
      </file>
    </package>
  </project>
</coverage>
