<?xml version="1.0" encoding="UTF-8"?>
<coverage generated="1761898645816" clover="3.2.0">
  <project timestamp="1761898645816" name="All files">
    <metrics statements="98" coveredstatements="72" conditionals="26" coveredconditionals="18" methods="36" coveredmethods="22" elements="160" coveredelements="112" complexity="0" loc="98" ncloc="98" packages="4" files="8" classes="8"/>
    <package name="src">
      <metrics statements="11" coveredstatements="0" conditionals="8" coveredconditionals="0" methods="5" coveredmethods="0"/>
      <file name="App.tsx" path="C:\dev\workspace\TBZ\M450 - Applikationen testen\ReactRustTodo\frontend\src\App.tsx">
        <metrics statements="11" coveredstatements="0" conditionals="8" coveredconditionals="0" methods="5" coveredmethods="0"/>
        <line num="6" count="0" type="stmt"/>
        <line num="8" count="0" type="stmt"/>
        <line num="9" count="0" type="stmt"/>
        <line num="11" count="0" type="cond" truecount="0" falsecount="2"/>
        <line num="12" count="0" type="stmt"/>
        <line num="14" count="0" type="stmt"/>
        <line num="17" count="0" type="cond" truecount="0" falsecount="4"/>
        <line num="18" count="0" type="stmt"/>
        <line num="20" count="0" type="stmt"/>
        <line num="24" count="0" type="stmt"/>
        <line num="31" count="0" type="stmt"/>
      </file>
      <file name="types.ts" path="C:\dev\workspace\TBZ\M450 - Applikationen testen\ReactRustTodo\frontend\src\types.ts">
        <metrics statements="0" coveredstatements="0" conditionals="0" coveredconditionals="0" methods="0" coveredmethods="0"/>
      </file>
      <file name="vite-env.d.ts" path="C:\dev\workspace\TBZ\M450 - Applikationen testen\ReactRustTodo\frontend\src\vite-env.d.ts">
        <metrics statements="0" coveredstatements="0" conditionals="0" coveredconditionals="0" methods="0" coveredmethods="0"/>
      </file>
    </package>
    <package name="src.components">
      <metrics statements="74" coveredstatements="72" conditionals="18" coveredconditionals="18" methods="25" coveredmethods="22"/>
      <file name="CreateTodoModal.tsx" path="C:\dev\workspace\TBZ\M450 - Applikationen testen\ReactRustTodo\frontend\src\components\CreateTodoModal.tsx">
        <metrics statements="22" coveredstatements="22" conditionals="6" coveredconditionals="6" methods="4" coveredmethods="4"/>
        <line num="16" count="2" type="stmt"/>
        <line num="28" count="2" type="stmt"/>
        <line num="31" count="42" type="stmt"/>
        <line num="32" count="42" type="stmt"/>
        <line num="33" count="42" type="stmt"/>
        <line num="34" count="42" type="stmt"/>
        <line num="35" count="42" type="stmt"/>
        <line num="37" count="42" type="stmt"/>
        <line num="38" count="4" type="stmt"/>
        <line num="40" count="4" type="stmt"/>
        <line num="41" count="4" type="stmt"/>
        <line num="50" count="4" type="cond" truecount="4" falsecount="0"/>
        <line num="51" count="1" type="stmt"/>
        <line num="54" count="3" type="stmt"/>
        <line num="55" count="3" type="stmt"/>
        <line num="56" count="3" type="stmt"/>
        <line num="57" count="2" type="stmt"/>
        <line num="58" count="2" type="stmt"/>
        <line num="60" count="1" type="stmt"/>
        <line num="62" count="3" type="stmt"/>
        <line num="63" count="3" type="stmt"/>
        <line num="67" count="42" type="stmt"/>
      </file>
      <file name="EditModal.tsx" path="C:\dev\workspace\TBZ\M450 - Applikationen testen\ReactRustTodo\frontend\src\components\EditModal.tsx">
        <metrics statements="22" coveredstatements="22" conditionals="6" coveredconditionals="6" methods="4" coveredmethods="4"/>
        <line num="17" count="2" type="stmt"/>
        <line num="29" count="2" type="stmt"/>
        <line num="30" count="84" type="stmt"/>
        <line num="31" count="84" type="stmt"/>
        <line num="32" count="84" type="stmt"/>
        <line num="33" count="84" type="stmt"/>
        <line num="34" count="84" type="stmt"/>
        <line num="36" count="84" type="stmt"/>
        <line num="37" count="6" type="stmt"/>
        <line num="39" count="6" type="stmt"/>
        <line num="40" count="6" type="stmt"/>
        <line num="50" count="6" type="cond" truecount="4" falsecount="0"/>
        <line num="51" count="1" type="stmt"/>
        <line num="54" count="5" type="stmt"/>
        <line num="55" count="5" type="stmt"/>
        <line num="56" count="5" type="stmt"/>
        <line num="57" count="3" type="stmt"/>
        <line num="59" count="1" type="stmt"/>
        <line num="61" count="4" type="stmt"/>
        <line num="62" count="4" type="stmt"/>
        <line num="66" count="4" type="stmt"/>
        <line num="69" count="84" type="stmt"/>
      </file>
      <file name="Todos.tsx" path="C:\dev\workspace\TBZ\M450 - Applikationen testen\ReactRustTodo\frontend\src\components\Todos.tsx">
        <metrics statements="30" coveredstatements="28" conditionals="6" coveredconditionals="6" methods="17" coveredmethods="14"/>
        <line num="15" count="1" type="stmt"/>
        <line num="16" count="22" type="stmt"/>
        <line num="17" count="22" type="stmt"/>
        <line num="19" count="22" type="stmt"/>
        <line num="20" count="8" type="stmt"/>
        <line num="21" count="8" type="stmt"/>
        <line num="22" count="8" type="stmt"/>
        <line num="23" count="7" type="stmt"/>
        <line num="24" count="7" type="stmt"/>
        <line num="26" count="1" type="stmt"/>
        <line num="27" count="1" type="stmt"/>
        <line num="31" count="8" type="stmt"/>
        <line num="34" count="53" type="stmt"/>
        <line num="35" count="2" type="stmt"/>
        <line num="36" count="1" type="stmt"/>
        <line num="41" count="22" type="stmt"/>
        <line num="42" count="3" type="stmt"/>
        <line num="45" count="22" type="stmt"/>
        <line num="46" count="2" type="stmt"/>
        <line num="47" count="2" type="stmt"/>
        <line num="48" count="2" type="stmt"/>
        <line num="49" count="4" type="cond" truecount="2" falsecount="0"/>
        <line num="54" count="2" type="stmt"/>
        <line num="57" count="22" type="stmt"/>
        <line num="58" count="0" type="stmt"/>
        <line num="63" count="22" type="stmt"/>
        <line num="71" count="53" type="stmt"/>
        <line num="78" count="0" type="stmt"/>
        <line num="86" count="2" type="stmt"/>
        <line num="117" count="108" type="stmt"/>
      </file>
    </package>
    <package name="src.middleware">
      <metrics statements="11" coveredstatements="0" conditionals="0" coveredconditionals="0" methods="5" coveredmethods="0"/>
      <file name="Controller.ts" path="C:\dev\workspace\TBZ\M450 - Applikationen testen\ReactRustTodo\frontend\src\middleware\Controller.ts">
        <metrics statements="11" coveredstatements="0" conditionals="0" coveredconditionals="0" methods="5" coveredmethods="0"/>
        <line num="4" count="0" type="stmt"/>
        <line num="6" count="0" type="stmt"/>
        <line num="7" count="0" type="stmt"/>
        <line num="10" count="0" type="stmt"/>
        <line num="11" count="0" type="stmt"/>
        <line num="14" count="0" type="stmt"/>
        <line num="15" count="0" type="stmt"/>
        <line num="18" count="0" type="stmt"/>
        <line num="19" count="0" type="stmt"/>
        <line num="22" count="0" type="stmt"/>
        <line num="23" count="0" type="stmt"/>
      </file>
    </package>
    <package name="src.providers">
      <metrics statements="2" coveredstatements="0" conditionals="0" coveredconditionals="0" methods="1" coveredmethods="0"/>
      <file name="BoxProvider.tsx" path="C:\dev\workspace\TBZ\M450 - Applikationen testen\ReactRustTodo\frontend\src\providers\BoxProvider.tsx">
        <metrics statements="2" coveredstatements="0" conditionals="0" coveredconditionals="0" methods="1" coveredmethods="0"/>
        <line num="7" count="0" type="stmt"/>
        <line num="10" count="0" type="stmt"/>
      </file>
    </package>
  </project>
</coverage>
