{"C:\\dev\\workspace\\TBZ\\M450 - Applikationen testen\\ReactRustTodo\\frontend\\src\\App.tsx": {"path":"C:\\dev\\workspace\\TBZ\\M450 - Applikationen testen\\ReactRustTodo\\frontend\\src\\App.tsx","statementMap":{"0":{"start":{"line":6,"column":30},"end":{"line":6,"column":44}},"1":{"start":{"line":8,"column":2},"end":{"line":29,"column":9}},"2":{"start":{"line":9,"column":4},"end":{"line":28,"column":9}},"3":{"start":{"line":11,"column":8},"end":{"line":13,"column":9}},"4":{"start":{"line":12,"column":10},"end":{"line":12,"column":57}},"5":{"start":{"line":14,"column":8},"end":{"line":14,"column":31}},"6":{"start":{"line":17,"column":8},"end":{"line":21,"column":9}},"7":{"start":{"line":18,"column":10},"end":{"line":18,"column":34}},"8":{"start":{"line":20,"column":10},"end":{"line":20,"column":68}},"9":{"start":{"line":24,"column":8},"end":{"line":27,"column":10}},"10":{"start":{"line":31,"column":2},"end":{"line":47,"column":4}}},"fnMap":{"0":{"name":"App","decl":{"start":{"line":5,"column":9},"end":{"line":5,"column":12}},"loc":{"start":{"line":5,"column":15},"end":{"line":48,"column":1}},"line":5},"1":{"name":"(anonymous_1)","decl":{"start":{"line":8,"column":12},"end":{"line":8,"column":13}},"loc":{"start":{"line":8,"column":18},"end":{"line":29,"column":3}},"line":8},"2":{"name":"(anonymous_2)","decl":{"start":{"line":10,"column":12},"end":{"line":10,"column":13}},"loc":{"start":{"line":10,"column":26},"end":{"line":15,"column":7}},"line":10},"3":{"name":"(anonymous_3)","decl":{"start":{"line":16,"column":12},"end":{"line":16,"column":13}},"loc":{"start":{"line":16,"column":22},"end":{"line":22,"column":7}},"line":16},"4":{"name":"(anonymous_4)","decl":{"start":{"line":23,"column":13},"end":{"line":23,"column":14}},"loc":{"start":{"line":23,"column":24},"end":{"line":28,"column":7}},"line":23}},"branchMap":{"0":{"loc":{"start":{"line":11,"column":8},"end":{"line":13,"column":9}},"type":"if","locations":[{"start":{"line":11,"column":8},"end":{"line":13,"column":9}},{"start":{},"end":{}}],"line":11},"1":{"loc":{"start":{"line":17,"column":8},"end":{"line":21,"column":9}},"type":"if","locations":[{"start":{"line":17,"column":8},"end":{"line":21,"column":9}},{"start":{"line":19,"column":15},"end":{"line":21,"column":9}}],"line":17},"2":{"loc":{"start":{"line":17,"column":12},"end":{"line":17,"column":32}},"type":"binary-expr","locations":[{"start":{"line":17,"column":12},"end":{"line":17,"column":16}},{"start":{"line":17,"column":20},"end":{"line":17,"column":32}}],"line":17},"3":{"loc":{"start":{"line":33,"column":7},"end":{"line":45,"column":7}},"type":"cond-expr","locations":[{"start":{"line":35,"column":8},"end":{"line":42,"column":14}},{"start":{"line":44,"column":8},"end":{"line":44,"column":38}}],"line":33}},"s":{"0":0,"1":0,"2":0,"3":0,"4":0,"5":0,"6":0,"7":0,"8":0,"9":0,"10":0},"f":{"0":0,"1":0,"2":0,"3":0,"4":0},"b":{"0":[0,0],"1":[0,0],"2":[0,0],"3":[0,0]}}
,"C:\\dev\\workspace\\TBZ\\M450 - Applikationen testen\\ReactRustTodo\\frontend\\src\\types.ts": {"path":"C:\\dev\\workspace\\TBZ\\M450 - Applikationen testen\\ReactRustTodo\\frontend\\src\\types.ts","statementMap":{},"fnMap":{},"branchMap":{},"s":{},"f":{},"b":{}}
,"C:\\dev\\workspace\\TBZ\\M450 - Applikationen testen\\ReactRustTodo\\frontend\\src\\vite-env.d.ts": {"path":"C:\\dev\\workspace\\TBZ\\M450 - Applikationen testen\\ReactRustTodo\\frontend\\src\\vite-env.d.ts","statementMap":{},"fnMap":{},"branchMap":{},"s":{},"f":{},"b":{}}
,"C:\\dev\\workspace\\TBZ\\M450 - Applikationen testen\\ReactRustTodo\\frontend\\src\\components\\CreateTodoModal.tsx": {"path":"C:\\dev\\workspace\\TBZ\\M450 - Applikationen testen\\ReactRustTodo\\frontend\\src\\components\\CreateTodoModal.tsx","statementMap":{"0":{"start":{"line":16,"column":14},"end":{"line":26,"column":1}},"1":{"start":{"line":28,"column":63},"end":{"line":132,"column":1}},"2":{"start":{"line":31,"column":26},"end":{"line":31,"column":47}},"3":{"start":{"line":32,"column":21},"end":{"line":32,"column":40}},"4":{"start":{"line":32,"column":27},"end":{"line":32,"column":40}},"5":{"start":{"line":33,"column":22},"end":{"line":33,"column":42}},"6":{"start":{"line":33,"column":28},"end":{"line":33,"column":42}},"7":{"start":{"line":34,"column":28},"end":{"line":34,"column":54}},"8":{"start":{"line":35,"column":36},"end":{"line":35,"column":57}},"9":{"start":{"line":37,"column":23},"end":{"line":65,"column":3}},"10":{"start":{"line":38,"column":4},"end":{"line":38,"column":27}},"11":{"start":{"line":40,"column":17},"end":{"line":40,"column":55}},"12":{"start":{"line":41,"column":29},"end":{"line":47,"column":5}},"13":{"start":{"line":50,"column":4},"end":{"line":52,"column":5}},"14":{"start":{"line":51,"column":6},"end":{"line":51,"column":13}},"15":{"start":{"line":54,"column":4},"end":{"line":54,"column":23}},"16":{"start":{"line":55,"column":4},"end":{"line":64,"column":5}},"17":{"start":{"line":56,"column":23},"end":{"line":56,"column":48}},"18":{"start":{"line":57,"column":26},"end":{"line":57,"column":39}},"19":{"start":{"line":58,"column":6},"end":{"line":58,"column":36}},"20":{"start":{"line":60,"column":6},"end":{"line":60,"column":54}},"21":{"start":{"line":62,"column":6},"end":{"line":62,"column":26}},"22":{"start":{"line":63,"column":6},"end":{"line":63,"column":20}},"23":{"start":{"line":67,"column":2},"end":{"line":131,"column":4}}},"fnMap":{"0":{"name":"(anonymous_0)","decl":{"start":{"line":28,"column":63},"end":{"line":28,"column":64}},"loc":{"start":{"line":30,"column":6},"end":{"line":132,"column":1}},"line":30},"1":{"name":"(anonymous_1)","decl":{"start":{"line":32,"column":21},"end":{"line":32,"column":22}},"loc":{"start":{"line":32,"column":27},"end":{"line":32,"column":40}},"line":32},"2":{"name":"(anonymous_2)","decl":{"start":{"line":33,"column":22},"end":{"line":33,"column":23}},"loc":{"start":{"line":33,"column":28},"end":{"line":33,"column":42}},"line":33},"3":{"name":"(anonymous_3)","decl":{"start":{"line":37,"column":23},"end":{"line":37,"column":24}},"loc":{"start":{"line":37,"column":74},"end":{"line":65,"column":3}},"line":37}},"branchMap":{"0":{"loc":{"start":{"line":50,"column":4},"end":{"line":52,"column":5}},"type":"if","locations":[{"start":{"line":50,"column":4},"end":{"line":52,"column":5}},{"start":{},"end":{}}],"line":50},"1":{"loc":{"start":{"line":50,"column":8},"end":{"line":50,"column":53}},"type":"binary-expr","locations":[{"start":{"line":50,"column":8},"end":{"line":50,"column":22}},{"start":{"line":50,"column":26},"end":{"line":50,"column":53}}],"line":50},"2":{"loc":{"start":{"line":120,"column":21},"end":{"line":120,"column":56}},"type":"cond-expr","locations":[{"start":{"line":120,"column":33},"end":{"line":120,"column":45}},{"start":{"line":120,"column":48},"end":{"line":120,"column":56}}],"line":120}},"s":{"0":2,"1":2,"2":42,"3":42,"4":7,"5":42,"6":4,"7":42,"8":42,"9":42,"10":4,"11":4,"12":4,"13":4,"14":1,"15":3,"16":3,"17":3,"18":2,"19":2,"20":1,"21":3,"22":3,"23":42},"f":{"0":42,"1":7,"2":4,"3":4},"b":{"0":[1,3],"1":[4,3],"2":[3,39]},"_coverageSchema":"1a1c01bbd47fc00a2c39e90264f33305004495a9","hash":"88d3e1f06aa7383e31a9315b7b5272c44c8c9232"}
,"C:\\dev\\workspace\\TBZ\\M450 - Applikationen testen\\ReactRustTodo\\frontend\\src\\components\\EditModal.tsx": {"path":"C:\\dev\\workspace\\TBZ\\M450 - Applikationen testen\\ReactRustTodo\\frontend\\src\\components\\EditModal.tsx","statementMap":{"0":{"start":{"line":17,"column":14},"end":{"line":27,"column":1}},"1":{"start":{"line":29,"column":51},"end":{"line":139,"column":1}},"2":{"start":{"line":30,"column":26},"end":{"line":30,"column":47}},"3":{"start":{"line":31,"column":21},"end":{"line":31,"column":40}},"4":{"start":{"line":31,"column":27},"end":{"line":31,"column":40}},"5":{"start":{"line":32,"column":22},"end":{"line":32,"column":42}},"6":{"start":{"line":32,"column":28},"end":{"line":32,"column":42}},"7":{"start":{"line":33,"column":28},"end":{"line":33,"column":54}},"8":{"start":{"line":34,"column":36},"end":{"line":34,"column":57}},"9":{"start":{"line":36,"column":23},"end":{"line":67,"column":3}},"10":{"start":{"line":37,"column":4},"end":{"line":37,"column":27}},"11":{"start":{"line":39,"column":17},"end":{"line":39,"column":55}},"12":{"start":{"line":40,"column":30},"end":{"line":47,"column":5}},"13":{"start":{"line":50,"column":4},"end":{"line":52,"column":5}},"14":{"start":{"line":51,"column":6},"end":{"line":51,"column":13}},"15":{"start":{"line":54,"column":4},"end":{"line":54,"column":23}},"16":{"start":{"line":55,"column":4},"end":{"line":63,"column":5}},"17":{"start":{"line":56,"column":6},"end":{"line":56,"column":36}},"18":{"start":{"line":57,"column":6},"end":{"line":57,"column":28}},"19":{"start":{"line":59,"column":6},"end":{"line":59,"column":54}},"20":{"start":{"line":61,"column":6},"end":{"line":61,"column":26}},"21":{"start":{"line":62,"column":6},"end":{"line":62,"column":20}},"22":{"start":{"line":66,"column":4},"end":{"line":66,"column":17}},"23":{"start":{"line":69,"column":2},"end":{"line":138,"column":4}}},"fnMap":{"0":{"name":"(anonymous_0)","decl":{"start":{"line":29,"column":51},"end":{"line":29,"column":52}},"loc":{"start":{"line":29,"column":75},"end":{"line":139,"column":1}},"line":29},"1":{"name":"(anonymous_1)","decl":{"start":{"line":31,"column":21},"end":{"line":31,"column":22}},"loc":{"start":{"line":31,"column":27},"end":{"line":31,"column":40}},"line":31},"2":{"name":"(anonymous_2)","decl":{"start":{"line":32,"column":22},"end":{"line":32,"column":23}},"loc":{"start":{"line":32,"column":28},"end":{"line":32,"column":42}},"line":32},"3":{"name":"(anonymous_3)","decl":{"start":{"line":36,"column":23},"end":{"line":36,"column":24}},"loc":{"start":{"line":36,"column":74},"end":{"line":67,"column":3}},"line":36}},"branchMap":{"0":{"loc":{"start":{"line":50,"column":4},"end":{"line":52,"column":5}},"type":"if","locations":[{"start":{"line":50,"column":4},"end":{"line":52,"column":5}},{"start":{},"end":{}}],"line":50},"1":{"loc":{"start":{"line":50,"column":8},"end":{"line":50,"column":61}},"type":"binary-expr","locations":[{"start":{"line":50,"column":8},"end":{"line":50,"column":26}},{"start":{"line":50,"column":30},"end":{"line":50,"column":61}}],"line":50},"2":{"loc":{"start":{"line":126,"column":21},"end":{"line":126,"column":56}},"type":"cond-expr","locations":[{"start":{"line":126,"column":33},"end":{"line":126,"column":45}},{"start":{"line":126,"column":48},"end":{"line":126,"column":56}}],"line":126}},"s":{"0":2,"1":2,"2":84,"3":84,"4":11,"5":84,"6":6,"7":84,"8":84,"9":84,"10":6,"11":6,"12":6,"13":6,"14":1,"15":5,"16":5,"17":5,"18":3,"19":1,"20":4,"21":4,"22":4,"23":84},"f":{"0":84,"1":11,"2":6,"3":6},"b":{"0":[1,5],"1":[6,5],"2":[5,79]},"_coverageSchema":"1a1c01bbd47fc00a2c39e90264f33305004495a9","hash":"3e715a5e45cdaaec0b9702decbdfe2cd10272e4f"}
,"C:\\dev\\workspace\\TBZ\\M450 - Applikationen testen\\ReactRustTodo\\frontend\\src\\components\\Todos.tsx": {"path":"C:\\dev\\workspace\\TBZ\\M450 - Applikationen testen\\ReactRustTodo\\frontend\\src\\components\\Todos.tsx","statementMap":{"0":{"start":{"line":15,"column":14},"end":{"line":135,"column":1}},"1":{"start":{"line":16,"column":28},"end":{"line":16,"column":48}},"2":{"start":{"line":17,"column":26},"end":{"line":17,"column":37}},"3":{"start":{"line":19,"column":2},"end":{"line":32,"column":9}},"4":{"start":{"line":20,"column":23},"end":{"line":29,"column":5}},"5":{"start":{"line":21,"column":6},"end":{"line":28,"column":7}},"6":{"start":{"line":22,"column":20},"end":{"line":22,"column":66}},"7":{"start":{"line":23,"column":22},"end":{"line":23,"column":38}},"8":{"start":{"line":24,"column":8},"end":{"line":24,"column":24}},"9":{"start":{"line":26,"column":8},"end":{"line":26,"column":27}},"10":{"start":{"line":27,"column":8},"end":{"line":27,"column":21}},"11":{"start":{"line":31,"column":4},"end":{"line":31,"column":17}},"12":{"start":{"line":34,"column":23},"end":{"line":37,"column":3}},"13":{"start":{"line":34,"column":51},"end":{"line":37,"column":3}},"14":{"start":{"line":35,"column":4},"end":{"line":35,"column":73}},"15":{"start":{"line":35,"column":24},"end":{"line":35,"column":71}},"16":{"start":{"line":35,"column":44},"end":{"line":35,"column":70}},"17":{"start":{"line":36,"column":4},"end":{"line":36,"column":25}},"18":{"start":{"line":41,"column":23},"end":{"line":43,"column":3}},"19":{"start":{"line":42,"column":4},"end":{"line":42,"column":19}},"20":{"start":{"line":45,"column":23},"end":{"line":55,"column":3}},"21":{"start":{"line":46,"column":24},"end":{"line":46,"column":63}},"22":{"start":{"line":47,"column":4},"end":{"line":51,"column":6}},"23":{"start":{"line":48,"column":6},"end":{"line":50,"column":7}},"24":{"start":{"line":49,"column":8},"end":{"line":49,"column":65}},"25":{"start":{"line":54,"column":4},"end":{"line":54,"column":34}},"26":{"start":{"line":57,"column":23},"end":{"line":59,"column":3}},"27":{"start":{"line":58,"column":4},"end":{"line":58,"column":45}},"28":{"start":{"line":58,"column":24},"end":{"line":58,"column":43}},"29":{"start":{"line":63,"column":2},"end":{"line":134,"column":4}},"30":{"start":{"line":71,"column":10},"end":{"line":103,"column":15}},"31":{"start":{"line":78,"column":39},"end":{"line":78,"column":57}},"32":{"start":{"line":86,"column":39},"end":{"line":86,"column":57}},"33":{"start":{"line":117,"column":14},"end":{"line":128,"column":16}}},"fnMap":{"0":{"name":"(anonymous_0)","decl":{"start":{"line":15,"column":14},"end":{"line":15,"column":15}},"loc":{"start":{"line":15,"column":20},"end":{"line":135,"column":1}},"line":15},"1":{"name":"(anonymous_1)","decl":{"start":{"line":19,"column":12},"end":{"line":19,"column":13}},"loc":{"start":{"line":19,"column":18},"end":{"line":32,"column":3}},"line":19},"2":{"name":"(anonymous_2)","decl":{"start":{"line":20,"column":23},"end":{"line":20,"column":24}},"loc":{"start":{"line":20,"column":35},"end":{"line":29,"column":5}},"line":20},"3":{"name":"(anonymous_3)","decl":{"start":{"line":34,"column":23},"end":{"line":34,"column":24}},"loc":{"start":{"line":34,"column":51},"end":{"line":37,"column":3}},"line":34},"4":{"name":"(anonymous_4)","decl":{"start":{"line":34,"column":51},"end":{"line":34,"column":52}},"loc":{"start":{"line":34,"column":63},"end":{"line":37,"column":3}},"line":34},"5":{"name":"(anonymous_5)","decl":{"start":{"line":35,"column":13},"end":{"line":35,"column":14}},"loc":{"start":{"line":35,"column":24},"end":{"line":35,"column":71}},"line":35},"6":{"name":"(anonymous_6)","decl":{"start":{"line":35,"column":37},"end":{"line":35,"column":38}},"loc":{"start":{"line":35,"column":44},"end":{"line":35,"column":70}},"line":35},"7":{"name":"(anonymous_7)","decl":{"start":{"line":41,"column":23},"end":{"line":41,"column":24}},"loc":{"start":{"line":41,"column":77},"end":{"line":43,"column":3}},"line":41},"8":{"name":"(anonymous_8)","decl":{"start":{"line":45,"column":23},"end":{"line":45,"column":24}},"loc":{"start":{"line":45,"column":45},"end":{"line":55,"column":3}},"line":45},"9":{"name":"(anonymous_9)","decl":{"start":{"line":47,"column":13},"end":{"line":47,"column":14}},"loc":{"start":{"line":48,"column":6},"end":{"line":50,"column":7}},"line":48},"10":{"name":"(anonymous_10)","decl":{"start":{"line":48,"column":16},"end":{"line":48,"column":17}},"loc":{"start":{"line":49,"column":8},"end":{"line":49,"column":65}},"line":49},"11":{"name":"(anonymous_11)","decl":{"start":{"line":57,"column":23},"end":{"line":57,"column":24}},"loc":{"start":{"line":57,"column":42},"end":{"line":59,"column":3}},"line":57},"12":{"name":"(anonymous_12)","decl":{"start":{"line":58,"column":13},"end":{"line":58,"column":14}},"loc":{"start":{"line":58,"column":24},"end":{"line":58,"column":43}},"line":58},"13":{"name":"(anonymous_13)","decl":{"start":{"line":70,"column":52},"end":{"line":70,"column":53}},"loc":{"start":{"line":71,"column":10},"end":{"line":103,"column":15}},"line":71},"14":{"name":"(anonymous_14)","decl":{"start":{"line":78,"column":33},"end":{"line":78,"column":34}},"loc":{"start":{"line":78,"column":39},"end":{"line":78,"column":57}},"line":78},"15":{"name":"(anonymous_15)","decl":{"start":{"line":86,"column":33},"end":{"line":86,"column":34}},"loc":{"start":{"line":86,"column":39},"end":{"line":86,"column":57}},"line":86},"16":{"name":"(anonymous_16)","decl":{"start":{"line":116,"column":24},"end":{"line":116,"column":25}},"loc":{"start":{"line":117,"column":14},"end":{"line":128,"column":16}},"line":117}},"branchMap":{"0":{"loc":{"start":{"line":49,"column":8},"end":{"line":49,"column":65}},"type":"cond-expr","locations":[{"start":{"line":49,"column":47},"end":{"line":49,"column":58}},{"start":{"line":49,"column":61},"end":{"line":49,"column":65}}],"line":49},"1":{"loc":{"start":{"line":69,"column":7},"end":{"line":107,"column":7}},"type":"cond-expr","locations":[{"start":{"line":70,"column":8},"end":{"line":104,"column":10}},{"start":{"line":106,"column":8},"end":{"line":106,"column":27}}],"line":69},"2":{"loc":{"start":{"line":75,"column":19},"end":{"line":92,"column":19}},"type":"cond-expr","locations":[{"start":{"line":76,"column":20},"end":{"line":82,"column":23}},{"start":{"line":84,"column":20},"end":{"line":91,"column":23}}],"line":75}},"s":{"0":1,"1":22,"2":22,"3":22,"4":8,"5":8,"6":8,"7":7,"8":7,"9":1,"10":1,"11":8,"12":22,"13":53,"14":1,"15":1,"16":2,"17":1,"18":22,"19":3,"20":22,"21":2,"22":2,"23":2,"24":4,"25":2,"26":22,"27":0,"28":0,"29":22,"30":53,"31":0,"32":2,"33":108},"f":{"0":22,"1":8,"2":8,"3":53,"4":1,"5":1,"6":2,"7":3,"8":2,"9":2,"10":4,"11":0,"12":0,"13":53,"14":0,"15":2,"16":108},"b":{"0":[2,2],"1":[12,10],"2":[9,44]},"_coverageSchema":"1a1c01bbd47fc00a2c39e90264f33305004495a9","hash":"22f1f7889d318d59426eaec1e7bdfa7c8a0af82e"}
,"C:\\dev\\workspace\\TBZ\\M450 - Applikationen testen\\ReactRustTodo\\frontend\\src\\middleware\\Controller.ts": {"path":"C:\\dev\\workspace\\TBZ\\M450 - Applikationen testen\\ReactRustTodo\\frontend\\src\\middleware\\Controller.ts","statementMap":{"0":{"start":{"line":4,"column":16},"end":{"line":4,"column":49}},"1":{"start":{"line":6,"column":24},"end":{"line":8,"column":1}},"2":{"start":{"line":7,"column":4},"end":{"line":7,"column":36}},"3":{"start":{"line":10,"column":23},"end":{"line":12,"column":1}},"4":{"start":{"line":11,"column":4},"end":{"line":11,"column":47}},"5":{"start":{"line":14,"column":26},"end":{"line":16,"column":1}},"6":{"start":{"line":15,"column":2},"end":{"line":15,"column":41}},"7":{"start":{"line":18,"column":26},"end":{"line":20,"column":1}},"8":{"start":{"line":19,"column":2},"end":{"line":19,"column":61}},"9":{"start":{"line":22,"column":26},"end":{"line":24,"column":1}},"10":{"start":{"line":23,"column":2},"end":{"line":23,"column":48}}},"fnMap":{"0":{"name":"(anonymous_0)","decl":{"start":{"line":6,"column":24},"end":{"line":6,"column":25}},"loc":{"start":{"line":6,"column":36},"end":{"line":8,"column":1}},"line":6},"1":{"name":"(anonymous_1)","decl":{"start":{"line":10,"column":23},"end":{"line":10,"column":24}},"loc":{"start":{"line":10,"column":45},"end":{"line":12,"column":1}},"line":10},"2":{"name":"(anonymous_2)","decl":{"start":{"line":14,"column":26},"end":{"line":14,"column":27}},"loc":{"start":{"line":14,"column":51},"end":{"line":16,"column":1}},"line":14},"3":{"name":"(anonymous_3)","decl":{"start":{"line":18,"column":26},"end":{"line":18,"column":27}},"loc":{"start":{"line":18,"column":48},"end":{"line":20,"column":1}},"line":18},"4":{"name":"(anonymous_4)","decl":{"start":{"line":22,"column":26},"end":{"line":22,"column":27}},"loc":{"start":{"line":22,"column":48},"end":{"line":24,"column":1}},"line":22}},"branchMap":{},"s":{"0":0,"1":0,"2":0,"3":0,"4":0,"5":0,"6":0,"7":0,"8":0,"9":0,"10":0},"f":{"0":0,"1":0,"2":0,"3":0,"4":0},"b":{}}
,"C:\\dev\\workspace\\TBZ\\M450 - Applikationen testen\\ReactRustTodo\\frontend\\src\\providers\\BoxProvider.tsx": {"path":"C:\\dev\\workspace\\TBZ\\M450 - Applikationen testen\\ReactRustTodo\\frontend\\src\\providers\\BoxProvider.tsx","statementMap":{"0":{"start":{"line":7,"column":50},"end":{"line":25,"column":1}},"1":{"start":{"line":10,"column":2},"end":{"line":24,"column":4}}},"fnMap":{"0":{"name":"(anonymous_0)","decl":{"start":{"line":7,"column":50},"end":{"line":7,"column":51}},"loc":{"start":{"line":9,"column":6},"end":{"line":25,"column":1}},"line":9}},"branchMap":{},"s":{"0":0,"1":0},"f":{"0":0},"b":{}}
}
