{"C:\\dev\\workspace\\TBZ\\M450 - Applikationen testen\\ReactRustTodo\\frontend\\src\\App.tsx": {"path":"C:\\dev\\workspace\\TBZ\\M450 - Applikationen testen\\ReactRustTodo\\frontend\\src\\App.tsx","statementMap":{"0":{"start":{"line":6,"column":30},"end":{"line":6,"column":44}},"1":{"start":{"line":8,"column":2},"end":{"line":29,"column":9}},"2":{"start":{"line":9,"column":4},"end":{"line":28,"column":9}},"3":{"start":{"line":11,"column":8},"end":{"line":13,"column":9}},"4":{"start":{"line":12,"column":10},"end":{"line":12,"column":57}},"5":{"start":{"line":14,"column":8},"end":{"line":14,"column":31}},"6":{"start":{"line":17,"column":8},"end":{"line":21,"column":9}},"7":{"start":{"line":18,"column":10},"end":{"line":18,"column":34}},"8":{"start":{"line":20,"column":10},"end":{"line":20,"column":68}},"9":{"start":{"line":24,"column":8},"end":{"line":27,"column":10}},"10":{"start":{"line":31,"column":2},"end":{"line":47,"column":4}}},"fnMap":{"0":{"name":"App","decl":{"start":{"line":5,"column":9},"end":{"line":5,"column":12}},"loc":{"start":{"line":5,"column":15},"end":{"line":48,"column":1}},"line":5},"1":{"name":"(anonymous_1)","decl":{"start":{"line":8,"column":12},"end":{"line":8,"column":13}},"loc":{"start":{"line":8,"column":18},"end":{"line":29,"column":3}},"line":8},"2":{"name":"(anonymous_2)","decl":{"start":{"line":10,"column":12},"end":{"line":10,"column":13}},"loc":{"start":{"line":10,"column":26},"end":{"line":15,"column":7}},"line":10},"3":{"name":"(anonymous_3)","decl":{"start":{"line":16,"column":12},"end":{"line":16,"column":13}},"loc":{"start":{"line":16,"column":22},"end":{"line":22,"column":7}},"line":16},"4":{"name":"(anonymous_4)","decl":{"start":{"line":23,"column":13},"end":{"line":23,"column":14}},"loc":{"start":{"line":23,"column":24},"end":{"line":28,"column":7}},"line":23}},"branchMap":{"0":{"loc":{"start":{"line":11,"column":8},"end":{"line":13,"column":9}},"type":"if","locations":[{"start":{"line":11,"column":8},"end":{"line":13,"column":9}},{"start":{},"end":{}}],"line":11},"1":{"loc":{"start":{"line":17,"column":8},"end":{"line":21,"column":9}},"type":"if","locations":[{"start":{"line":17,"column":8},"end":{"line":21,"column":9}},{"start":{"line":19,"column":15},"end":{"line":21,"column":9}}],"line":17},"2":{"loc":{"start":{"line":17,"column":12},"end":{"line":17,"column":32}},"type":"binary-expr","locations":[{"start":{"line":17,"column":12},"end":{"line":17,"column":16}},{"start":{"line":17,"column":20},"end":{"line":17,"column":32}}],"line":17},"3":{"loc":{"start":{"line":33,"column":7},"end":{"line":45,"column":7}},"type":"cond-expr","locations":[{"start":{"line":35,"column":8},"end":{"line":42,"column":14}},{"start":{"line":44,"column":8},"end":{"line":44,"column":38}}],"line":33}},"s":{"0":0,"1":0,"2":0,"3":0,"4":0,"5":0,"6":0,"7":0,"8":0,"9":0,"10":0},"f":{"0":0,"1":0,"2":0,"3":0,"4":0},"b":{"0":[0,0],"1":[0,0],"2":[0,0],"3":[0,0]}}
,"C:\\dev\\workspace\\TBZ\\M450 - Applikationen testen\\ReactRustTodo\\frontend\\src\\types.ts": {"path":"C:\\dev\\workspace\\TBZ\\M450 - Applikationen testen\\ReactRustTodo\\frontend\\src\\types.ts","statementMap":{},"fnMap":{},"branchMap":{},"s":{},"f":{},"b":{}}
,"C:\\dev\\workspace\\TBZ\\M450 - Applikationen testen\\ReactRustTodo\\frontend\\src\\vite-env.d.ts": {"path":"C:\\dev\\workspace\\TBZ\\M450 - Applikationen testen\\ReactRustTodo\\frontend\\src\\vite-env.d.ts","statementMap":{},"fnMap":{},"branchMap":{},"s":{},"f":{},"b":{}}
,"C:\\dev\\workspace\\TBZ\\M450 - Applikationen testen\\ReactRustTodo\\frontend\\src\\components\\CreateTodoModal.tsx": {"path":"C:\\dev\\workspace\\TBZ\\M450 - Applikationen testen\\ReactRustTodo\\frontend\\src\\components\\CreateTodoModal.tsx","statementMap":{"0":{"start":{"line":16,"column":14},"end":{"line":26,"column":1}},"1":{"start":{"line":28,"column":63},"end":{"line":126,"column":1}},"2":{"start":{"line":31,"column":26},"end":{"line":31,"column":47}},"3":{"start":{"line":32,"column":21},"end":{"line":32,"column":40}},"4":{"start":{"line":32,"column":27},"end":{"line":32,"column":40}},"5":{"start":{"line":33,"column":22},"end":{"line":33,"column":42}},"6":{"start":{"line":33,"column":28},"end":{"line":33,"column":42}},"7":{"start":{"line":34,"column":36},"end":{"line":34,"column":57}},"8":{"start":{"line":36,"column":23},"end":{"line":59,"column":3}},"9":{"start":{"line":37,"column":4},"end":{"line":37,"column":27}},"10":{"start":{"line":39,"column":17},"end":{"line":39,"column":55}},"11":{"start":{"line":40,"column":29},"end":{"line":46,"column":5}},"12":{"start":{"line":48,"column":4},"end":{"line":48,"column":23}},"13":{"start":{"line":49,"column":4},"end":{"line":58,"column":5}},"14":{"start":{"line":50,"column":23},"end":{"line":50,"column":48}},"15":{"start":{"line":51,"column":26},"end":{"line":51,"column":39}},"16":{"start":{"line":52,"column":6},"end":{"line":52,"column":36}},"17":{"start":{"line":54,"column":6},"end":{"line":54,"column":54}},"18":{"start":{"line":56,"column":6},"end":{"line":56,"column":26}},"19":{"start":{"line":57,"column":6},"end":{"line":57,"column":20}},"20":{"start":{"line":61,"column":2},"end":{"line":125,"column":4}}},"fnMap":{"0":{"name":"(anonymous_0)","decl":{"start":{"line":28,"column":63},"end":{"line":28,"column":64}},"loc":{"start":{"line":30,"column":6},"end":{"line":126,"column":1}},"line":30},"1":{"name":"(anonymous_1)","decl":{"start":{"line":32,"column":21},"end":{"line":32,"column":22}},"loc":{"start":{"line":32,"column":27},"end":{"line":32,"column":40}},"line":32},"2":{"name":"(anonymous_2)","decl":{"start":{"line":33,"column":22},"end":{"line":33,"column":23}},"loc":{"start":{"line":33,"column":28},"end":{"line":33,"column":42}},"line":33},"3":{"name":"(anonymous_3)","decl":{"start":{"line":36,"column":23},"end":{"line":36,"column":24}},"loc":{"start":{"line":36,"column":74},"end":{"line":59,"column":3}},"line":36}},"branchMap":{"0":{"loc":{"start":{"line":114,"column":21},"end":{"line":114,"column":56}},"type":"cond-expr","locations":[{"start":{"line":114,"column":33},"end":{"line":114,"column":45}},{"start":{"line":114,"column":48},"end":{"line":114,"column":56}}],"line":114}},"s":{"0":2,"1":2,"2":44,"3":44,"4":7,"5":44,"6":5,"7":44,"8":44,"9":4,"10":4,"11":4,"12":4,"13":4,"14":4,"15":3,"16":3,"17":1,"18":4,"19":4,"20":44},"f":{"0":44,"1":7,"2":5,"3":4},"b":{"0":[4,40]},"_coverageSchema":"1a1c01bbd47fc00a2c39e90264f33305004495a9","hash":"dda410c03e99c2587b1edcd1192a1cfbe4469e6e"}
,"C:\\dev\\workspace\\TBZ\\M450 - Applikationen testen\\ReactRustTodo\\frontend\\src\\components\\EditModal.tsx": {"path":"C:\\dev\\workspace\\TBZ\\M450 - Applikationen testen\\ReactRustTodo\\frontend\\src\\components\\EditModal.tsx","statementMap":{"0":{"start":{"line":17,"column":14},"end":{"line":27,"column":1}},"1":{"start":{"line":29,"column":51},"end":{"line":134,"column":1}},"2":{"start":{"line":30,"column":26},"end":{"line":30,"column":47}},"3":{"start":{"line":31,"column":21},"end":{"line":31,"column":40}},"4":{"start":{"line":31,"column":27},"end":{"line":31,"column":40}},"5":{"start":{"line":32,"column":22},"end":{"line":32,"column":42}},"6":{"start":{"line":32,"column":28},"end":{"line":32,"column":42}},"7":{"start":{"line":33,"column":28},"end":{"line":33,"column":54}},"8":{"start":{"line":34,"column":36},"end":{"line":34,"column":57}},"9":{"start":{"line":36,"column":23},"end":{"line":62,"column":3}},"10":{"start":{"line":37,"column":4},"end":{"line":37,"column":27}},"11":{"start":{"line":39,"column":17},"end":{"line":39,"column":55}},"12":{"start":{"line":40,"column":30},"end":{"line":47,"column":5}},"13":{"start":{"line":49,"column":4},"end":{"line":49,"column":23}},"14":{"start":{"line":50,"column":4},"end":{"line":58,"column":5}},"15":{"start":{"line":51,"column":6},"end":{"line":51,"column":36}},"16":{"start":{"line":52,"column":6},"end":{"line":52,"column":28}},"17":{"start":{"line":54,"column":6},"end":{"line":54,"column":54}},"18":{"start":{"line":56,"column":6},"end":{"line":56,"column":26}},"19":{"start":{"line":57,"column":6},"end":{"line":57,"column":20}},"20":{"start":{"line":61,"column":4},"end":{"line":61,"column":17}},"21":{"start":{"line":64,"column":2},"end":{"line":133,"column":4}}},"fnMap":{"0":{"name":"(anonymous_0)","decl":{"start":{"line":29,"column":51},"end":{"line":29,"column":52}},"loc":{"start":{"line":29,"column":75},"end":{"line":134,"column":1}},"line":29},"1":{"name":"(anonymous_1)","decl":{"start":{"line":31,"column":21},"end":{"line":31,"column":22}},"loc":{"start":{"line":31,"column":27},"end":{"line":31,"column":40}},"line":31},"2":{"name":"(anonymous_2)","decl":{"start":{"line":32,"column":22},"end":{"line":32,"column":23}},"loc":{"start":{"line":32,"column":28},"end":{"line":32,"column":42}},"line":32},"3":{"name":"(anonymous_3)","decl":{"start":{"line":36,"column":23},"end":{"line":36,"column":24}},"loc":{"start":{"line":36,"column":74},"end":{"line":62,"column":3}},"line":36}},"branchMap":{"0":{"loc":{"start":{"line":121,"column":21},"end":{"line":121,"column":56}},"type":"cond-expr","locations":[{"start":{"line":121,"column":33},"end":{"line":121,"column":45}},{"start":{"line":121,"column":48},"end":{"line":121,"column":56}}],"line":121}},"s":{"0":2,"1":2,"2":81,"3":81,"4":10,"5":81,"6":6,"7":81,"8":81,"9":81,"10":5,"11":5,"12":5,"13":5,"14":5,"15":5,"16":4,"17":0,"18":4,"19":4,"20":4,"21":81},"f":{"0":81,"1":10,"2":6,"3":5},"b":{"0":[5,76]},"_coverageSchema":"1a1c01bbd47fc00a2c39e90264f33305004495a9","hash":"419bc0c974ba222211c28b6efa758cd2867acc10"}
,"C:\\dev\\workspace\\TBZ\\M450 - Applikationen testen\\ReactRustTodo\\frontend\\src\\components\\Todos.tsx": {"path":"C:\\dev\\workspace\\TBZ\\M450 - Applikationen testen\\ReactRustTodo\\frontend\\src\\components\\Todos.tsx","statementMap":{"0":{"start":{"line":14,"column":14},"end":{"line":130,"column":1}},"1":{"start":{"line":15,"column":28},"end":{"line":15,"column":48}},"2":{"start":{"line":16,"column":26},"end":{"line":16,"column":37}},"3":{"start":{"line":18,"column":2},"end":{"line":27,"column":9}},"4":{"start":{"line":19,"column":23},"end":{"line":24,"column":5}},"5":{"start":{"line":20,"column":18},"end":{"line":20,"column":64}},"6":{"start":{"line":21,"column":20},"end":{"line":21,"column":36}},"7":{"start":{"line":23,"column":6},"end":{"line":23,"column":32}},"8":{"start":{"line":26,"column":4},"end":{"line":26,"column":17}},"9":{"start":{"line":29,"column":23},"end":{"line":32,"column":3}},"10":{"start":{"line":29,"column":51},"end":{"line":32,"column":3}},"11":{"start":{"line":30,"column":4},"end":{"line":30,"column":73}},"12":{"start":{"line":30,"column":24},"end":{"line":30,"column":71}},"13":{"start":{"line":30,"column":44},"end":{"line":30,"column":70}},"14":{"start":{"line":31,"column":4},"end":{"line":31,"column":25}},"15":{"start":{"line":36,"column":23},"end":{"line":38,"column":3}},"16":{"start":{"line":37,"column":4},"end":{"line":37,"column":19}},"17":{"start":{"line":40,"column":23},"end":{"line":50,"column":3}},"18":{"start":{"line":41,"column":24},"end":{"line":41,"column":62}},"19":{"start":{"line":42,"column":4},"end":{"line":46,"column":6}},"20":{"start":{"line":43,"column":6},"end":{"line":45,"column":7}},"21":{"start":{"line":44,"column":8},"end":{"line":44,"column":65}},"22":{"start":{"line":49,"column":4},"end":{"line":49,"column":34}},"23":{"start":{"line":52,"column":23},"end":{"line":54,"column":3}},"24":{"start":{"line":53,"column":4},"end":{"line":53,"column":45}},"25":{"start":{"line":53,"column":24},"end":{"line":53,"column":43}},"26":{"start":{"line":58,"column":2},"end":{"line":129,"column":4}},"27":{"start":{"line":66,"column":10},"end":{"line":98,"column":15}},"28":{"start":{"line":73,"column":39},"end":{"line":73,"column":57}},"29":{"start":{"line":81,"column":39},"end":{"line":81,"column":57}},"30":{"start":{"line":112,"column":14},"end":{"line":123,"column":16}}},"fnMap":{"0":{"name":"(anonymous_0)","decl":{"start":{"line":14,"column":14},"end":{"line":14,"column":15}},"loc":{"start":{"line":14,"column":20},"end":{"line":130,"column":1}},"line":14},"1":{"name":"(anonymous_1)","decl":{"start":{"line":18,"column":12},"end":{"line":18,"column":13}},"loc":{"start":{"line":18,"column":18},"end":{"line":27,"column":3}},"line":18},"2":{"name":"(anonymous_2)","decl":{"start":{"line":19,"column":23},"end":{"line":19,"column":24}},"loc":{"start":{"line":19,"column":35},"end":{"line":24,"column":5}},"line":19},"3":{"name":"(anonymous_3)","decl":{"start":{"line":29,"column":23},"end":{"line":29,"column":24}},"loc":{"start":{"line":29,"column":51},"end":{"line":32,"column":3}},"line":29},"4":{"name":"(anonymous_4)","decl":{"start":{"line":29,"column":51},"end":{"line":29,"column":52}},"loc":{"start":{"line":29,"column":63},"end":{"line":32,"column":3}},"line":29},"5":{"name":"(anonymous_5)","decl":{"start":{"line":30,"column":13},"end":{"line":30,"column":14}},"loc":{"start":{"line":30,"column":24},"end":{"line":30,"column":71}},"line":30},"6":{"name":"(anonymous_6)","decl":{"start":{"line":30,"column":37},"end":{"line":30,"column":38}},"loc":{"start":{"line":30,"column":44},"end":{"line":30,"column":70}},"line":30},"7":{"name":"(anonymous_7)","decl":{"start":{"line":36,"column":23},"end":{"line":36,"column":24}},"loc":{"start":{"line":36,"column":77},"end":{"line":38,"column":3}},"line":36},"8":{"name":"(anonymous_8)","decl":{"start":{"line":40,"column":23},"end":{"line":40,"column":24}},"loc":{"start":{"line":40,"column":45},"end":{"line":50,"column":3}},"line":40},"9":{"name":"(anonymous_9)","decl":{"start":{"line":42,"column":13},"end":{"line":42,"column":14}},"loc":{"start":{"line":43,"column":6},"end":{"line":45,"column":7}},"line":43},"10":{"name":"(anonymous_10)","decl":{"start":{"line":43,"column":16},"end":{"line":43,"column":17}},"loc":{"start":{"line":44,"column":8},"end":{"line":44,"column":65}},"line":44},"11":{"name":"(anonymous_11)","decl":{"start":{"line":52,"column":23},"end":{"line":52,"column":24}},"loc":{"start":{"line":52,"column":42},"end":{"line":54,"column":3}},"line":52},"12":{"name":"(anonymous_12)","decl":{"start":{"line":53,"column":13},"end":{"line":53,"column":14}},"loc":{"start":{"line":53,"column":24},"end":{"line":53,"column":43}},"line":53},"13":{"name":"(anonymous_13)","decl":{"start":{"line":65,"column":52},"end":{"line":65,"column":53}},"loc":{"start":{"line":66,"column":10},"end":{"line":98,"column":15}},"line":66},"14":{"name":"(anonymous_14)","decl":{"start":{"line":73,"column":33},"end":{"line":73,"column":34}},"loc":{"start":{"line":73,"column":39},"end":{"line":73,"column":57}},"line":73},"15":{"name":"(anonymous_15)","decl":{"start":{"line":81,"column":33},"end":{"line":81,"column":34}},"loc":{"start":{"line":81,"column":39},"end":{"line":81,"column":57}},"line":81},"16":{"name":"(anonymous_16)","decl":{"start":{"line":111,"column":24},"end":{"line":111,"column":25}},"loc":{"start":{"line":112,"column":14},"end":{"line":123,"column":16}},"line":112}},"branchMap":{"0":{"loc":{"start":{"line":44,"column":8},"end":{"line":44,"column":65}},"type":"cond-expr","locations":[{"start":{"line":44,"column":47},"end":{"line":44,"column":58}},{"start":{"line":44,"column":61},"end":{"line":44,"column":65}}],"line":44},"1":{"loc":{"start":{"line":64,"column":7},"end":{"line":102,"column":7}},"type":"cond-expr","locations":[{"start":{"line":65,"column":8},"end":{"line":99,"column":10}},{"start":{"line":101,"column":8},"end":{"line":101,"column":27}}],"line":64},"2":{"loc":{"start":{"line":70,"column":19},"end":{"line":87,"column":19}},"type":"cond-expr","locations":[{"start":{"line":71,"column":20},"end":{"line":77,"column":23}},{"start":{"line":79,"column":20},"end":{"line":86,"column":23}}],"line":70}},"s":{"0":1,"1":22,"2":22,"3":22,"4":8,"5":8,"6":8,"7":8,"8":8,"9":22,"10":53,"11":1,"12":1,"13":2,"14":1,"15":22,"16":3,"17":22,"18":2,"19":2,"20":2,"21":4,"22":2,"23":22,"24":0,"25":0,"26":22,"27":53,"28":0,"29":2,"30":108},"f":{"0":22,"1":8,"2":8,"3":53,"4":1,"5":1,"6":2,"7":3,"8":2,"9":2,"10":4,"11":0,"12":0,"13":53,"14":0,"15":2,"16":108},"b":{"0":[2,2],"1":[12,10],"2":[7,46]},"_coverageSchema":"1a1c01bbd47fc00a2c39e90264f33305004495a9","hash":"b40e063390dd6452c0df511b54d19c9294cec54b"}
,"C:\\dev\\workspace\\TBZ\\M450 - Applikationen testen\\ReactRustTodo\\frontend\\src\\middleware\\Controller.ts": {"path":"C:\\dev\\workspace\\TBZ\\M450 - Applikationen testen\\ReactRustTodo\\frontend\\src\\middleware\\Controller.ts","statementMap":{"0":{"start":{"line":4,"column":16},"end":{"line":4,"column":49}},"1":{"start":{"line":6,"column":24},"end":{"line":8,"column":1}},"2":{"start":{"line":7,"column":4},"end":{"line":7,"column":36}},"3":{"start":{"line":10,"column":23},"end":{"line":12,"column":1}},"4":{"start":{"line":11,"column":4},"end":{"line":11,"column":47}},"5":{"start":{"line":14,"column":26},"end":{"line":16,"column":1}},"6":{"start":{"line":15,"column":2},"end":{"line":15,"column":41}},"7":{"start":{"line":18,"column":26},"end":{"line":20,"column":1}},"8":{"start":{"line":19,"column":2},"end":{"line":19,"column":61}},"9":{"start":{"line":22,"column":26},"end":{"line":24,"column":1}},"10":{"start":{"line":23,"column":2},"end":{"line":23,"column":48}}},"fnMap":{"0":{"name":"(anonymous_0)","decl":{"start":{"line":6,"column":24},"end":{"line":6,"column":25}},"loc":{"start":{"line":6,"column":36},"end":{"line":8,"column":1}},"line":6},"1":{"name":"(anonymous_1)","decl":{"start":{"line":10,"column":23},"end":{"line":10,"column":24}},"loc":{"start":{"line":10,"column":45},"end":{"line":12,"column":1}},"line":10},"2":{"name":"(anonymous_2)","decl":{"start":{"line":14,"column":26},"end":{"line":14,"column":27}},"loc":{"start":{"line":14,"column":51},"end":{"line":16,"column":1}},"line":14},"3":{"name":"(anonymous_3)","decl":{"start":{"line":18,"column":26},"end":{"line":18,"column":27}},"loc":{"start":{"line":18,"column":48},"end":{"line":20,"column":1}},"line":18},"4":{"name":"(anonymous_4)","decl":{"start":{"line":22,"column":26},"end":{"line":22,"column":27}},"loc":{"start":{"line":22,"column":48},"end":{"line":24,"column":1}},"line":22}},"branchMap":{},"s":{"0":0,"1":0,"2":0,"3":0,"4":0,"5":0,"6":0,"7":0,"8":0,"9":0,"10":0},"f":{"0":0,"1":0,"2":0,"3":0,"4":0},"b":{}}
,"C:\\dev\\workspace\\TBZ\\M450 - Applikationen testen\\ReactRustTodo\\frontend\\src\\providers\\BoxProvider.tsx": {"path":"C:\\dev\\workspace\\TBZ\\M450 - Applikationen testen\\ReactRustTodo\\frontend\\src\\providers\\BoxProvider.tsx","statementMap":{"0":{"start":{"line":7,"column":50},"end":{"line":25,"column":1}},"1":{"start":{"line":10,"column":2},"end":{"line":24,"column":4}}},"fnMap":{"0":{"name":"(anonymous_0)","decl":{"start":{"line":7,"column":50},"end":{"line":7,"column":51}},"loc":{"start":{"line":9,"column":6},"end":{"line":25,"column":1}},"line":9}},"branchMap":{},"s":{"0":0,"1":0},"f":{"0":0},"b":{}}
}
