TN:
SF:src\App.tsx
FN:5,App
FN:8,(anonymous_1)
FN:10,(anonymous_2)
FN:16,(anonymous_3)
FN:23,(anonymous_4)
FNF:5
FNH:0
FNDA:0,App
FNDA:0,(anonymous_1)
FNDA:0,(anonymous_2)
FNDA:0,(anonymous_3)
FNDA:0,(anonymous_4)
DA:6,0
DA:8,0
DA:9,0
DA:11,0
DA:12,0
DA:14,0
DA:17,0
DA:18,0
DA:20,0
DA:24,0
DA:31,0
LF:11
LH:0
BRDA:11,0,0,0
BRDA:11,0,1,0
BRDA:17,1,0,0
BRDA:17,1,1,0
BRDA:17,2,0,0
BRDA:17,2,1,0
BRDA:33,3,0,0
BRDA:33,3,1,0
BRF:8
BRH:0
end_of_record
TN:
SF:src\types.ts
FNF:0
FNH:0
LF:0
LH:0
BRF:0
BRH:0
end_of_record
TN:
SF:src\vite-env.d.ts
FNF:0
FNH:0
LF:0
LH:0
BRF:0
BRH:0
end_of_record
TN:
SF:src\components\CreateTodoModal.tsx
FN:28,(anonymous_0)
FN:32,(anonymous_1)
FN:33,(anonymous_2)
FN:37,(anonymous_3)
FNF:4
FNH:4
FNDA:42,(anonymous_0)
FNDA:7,(anonymous_1)
FNDA:4,(anonymous_2)
FNDA:4,(anonymous_3)
DA:16,2
DA:28,2
DA:31,42
DA:32,42
DA:33,42
DA:34,42
DA:35,42
DA:37,42
DA:38,4
DA:40,4
DA:41,4
DA:50,4
DA:51,1
DA:54,3
DA:55,3
DA:56,3
DA:57,2
DA:58,2
DA:60,1
DA:62,3
DA:63,3
DA:67,42
LF:22
LH:22
BRDA:50,0,0,1
BRDA:50,0,1,3
BRDA:50,1,0,4
BRDA:50,1,1,3
BRDA:120,2,0,3
BRDA:120,2,1,39
BRF:6
BRH:6
end_of_record
TN:
SF:src\components\EditModal.tsx
FN:29,(anonymous_0)
FN:31,(anonymous_1)
FN:32,(anonymous_2)
FN:36,(anonymous_3)
FNF:4
FNH:4
FNDA:84,(anonymous_0)
FNDA:11,(anonymous_1)
FNDA:6,(anonymous_2)
FNDA:6,(anonymous_3)
DA:17,2
DA:29,2
DA:30,84
DA:31,84
DA:32,84
DA:33,84
DA:34,84
DA:36,84
DA:37,6
DA:39,6
DA:40,6
DA:50,6
DA:51,1
DA:54,5
DA:55,5
DA:56,5
DA:57,3
DA:59,1
DA:61,4
DA:62,4
DA:66,4
DA:69,84
LF:22
LH:22
BRDA:50,0,0,1
BRDA:50,0,1,5
BRDA:50,1,0,6
BRDA:50,1,1,5
BRDA:126,2,0,5
BRDA:126,2,1,79
BRF:6
BRH:6
end_of_record
TN:
SF:src\components\Todos.tsx
FN:15,(anonymous_0)
FN:19,(anonymous_1)
FN:20,(anonymous_2)
FN:34,(anonymous_3)
FN:34,(anonymous_4)
FN:35,(anonymous_5)
FN:35,(anonymous_6)
FN:41,(anonymous_7)
FN:45,(anonymous_8)
FN:47,(anonymous_9)
FN:48,(anonymous_10)
FN:57,(anonymous_11)
FN:58,(anonymous_12)
FN:70,(anonymous_13)
FN:78,(anonymous_14)
FN:86,(anonymous_15)
FN:116,(anonymous_16)
FNF:17
FNH:14
FNDA:22,(anonymous_0)
FNDA:8,(anonymous_1)
FNDA:8,(anonymous_2)
FNDA:53,(anonymous_3)
FNDA:1,(anonymous_4)
FNDA:1,(anonymous_5)
FNDA:2,(anonymous_6)
FNDA:3,(anonymous_7)
FNDA:2,(anonymous_8)
FNDA:2,(anonymous_9)
FNDA:4,(anonymous_10)
FNDA:0,(anonymous_11)
FNDA:0,(anonymous_12)
FNDA:53,(anonymous_13)
FNDA:0,(anonymous_14)
FNDA:2,(anonymous_15)
FNDA:108,(anonymous_16)
DA:15,1
DA:16,22
DA:17,22
DA:19,22
DA:20,8
DA:21,8
DA:22,8
DA:23,7
DA:24,7
DA:26,1
DA:27,1
DA:31,8
DA:34,53
DA:35,2
DA:36,1
DA:41,22
DA:42,3
DA:45,22
DA:46,2
DA:47,2
DA:48,2
DA:49,4
DA:54,2
DA:57,22
DA:58,0
DA:63,22
DA:71,53
DA:78,0
DA:86,2
DA:117,108
LF:30
LH:28
BRDA:49,0,0,2
BRDA:49,0,1,2
BRDA:69,1,0,12
BRDA:69,1,1,10
BRDA:75,2,0,9
BRDA:75,2,1,44
BRF:6
BRH:6
end_of_record
TN:
SF:src\middleware\Controller.ts
FN:6,(anonymous_0)
FN:10,(anonymous_1)
FN:14,(anonymous_2)
FN:18,(anonymous_3)
FN:22,(anonymous_4)
FNF:5
FNH:0
FNDA:0,(anonymous_0)
FNDA:0,(anonymous_1)
FNDA:0,(anonymous_2)
FNDA:0,(anonymous_3)
FNDA:0,(anonymous_4)
DA:4,0
DA:6,0
DA:7,0
DA:10,0
DA:11,0
DA:14,0
DA:15,0
DA:18,0
DA:19,0
DA:22,0
DA:23,0
LF:11
LH:0
BRF:0
BRH:0
end_of_record
TN:
SF:src\providers\BoxProvider.tsx
FN:7,(anonymous_0)
FNF:1
FNH:0
FNDA:0,(anonymous_0)
DA:7,0
DA:10,0
LF:2
LH:0
BRF:0
BRH:0
end_of_record
