TN:
SF:src\App.tsx
FN:5,App
FN:8,(anonymous_1)
FN:10,(anonymous_2)
FN:16,(anonymous_3)
FN:23,(anonymous_4)
FNF:5
FNH:0
FNDA:0,App
FNDA:0,(anonymous_1)
FNDA:0,(anonymous_2)
FNDA:0,(anonymous_3)
FNDA:0,(anonymous_4)
DA:6,0
DA:8,0
DA:9,0
DA:11,0
DA:12,0
DA:14,0
DA:17,0
DA:18,0
DA:20,0
DA:24,0
DA:31,0
LF:11
LH:0
BRDA:11,0,0,0
BRDA:11,0,1,0
BRDA:17,1,0,0
BRDA:17,1,1,0
BRDA:17,2,0,0
BRDA:17,2,1,0
BRDA:33,3,0,0
BRDA:33,3,1,0
BRF:8
BRH:0
end_of_record
TN:
SF:src\types.ts
FNF:0
FNH:0
LF:0
LH:0
BRF:0
BRH:0
end_of_record
TN:
SF:src\vite-env.d.ts
FNF:0
FNH:0
LF:0
LH:0
BRF:0
BRH:0
end_of_record
TN:
SF:src\components\CreateTodoModal.tsx
FN:28,(anonymous_0)
FN:32,(anonymous_1)
FN:33,(anonymous_2)
FN:36,(anonymous_3)
FNF:4
FNH:4
FNDA:44,(anonymous_0)
FNDA:7,(anonymous_1)
FNDA:5,(anonymous_2)
FNDA:4,(anonymous_3)
DA:16,2
DA:28,2
DA:31,44
DA:32,44
DA:33,44
DA:34,44
DA:36,44
DA:37,4
DA:39,4
DA:40,4
DA:48,4
DA:49,4
DA:50,4
DA:51,3
DA:52,3
DA:54,1
DA:56,4
DA:57,4
DA:61,44
LF:19
LH:19
BRDA:114,0,0,4
BRDA:114,0,1,40
BRF:2
BRH:2
end_of_record
TN:
SF:src\components\EditModal.tsx
FN:29,(anonymous_0)
FN:31,(anonymous_1)
FN:32,(anonymous_2)
FN:36,(anonymous_3)
FNF:4
FNH:4
FNDA:85,(anonymous_0)
FNDA:11,(anonymous_1)
FNDA:7,(anonymous_2)
FNDA:6,(anonymous_3)
DA:17,2
DA:29,2
DA:30,85
DA:31,85
DA:32,85
DA:33,85
DA:34,85
DA:36,85
DA:37,6
DA:39,6
DA:40,6
DA:49,6
DA:50,6
DA:51,6
DA:52,4
DA:54,1
DA:56,5
DA:57,5
DA:61,5
DA:64,85
LF:20
LH:20
BRDA:121,0,0,6
BRDA:121,0,1,79
BRF:2
BRH:2
end_of_record
TN:
SF:src\components\Todos.tsx
FN:14,(anonymous_0)
FN:18,(anonymous_1)
FN:19,(anonymous_2)
FN:29,(anonymous_3)
FN:29,(anonymous_4)
FN:30,(anonymous_5)
FN:30,(anonymous_6)
FN:36,(anonymous_7)
FN:40,(anonymous_8)
FN:42,(anonymous_9)
FN:43,(anonymous_10)
FN:52,(anonymous_11)
FN:53,(anonymous_12)
FN:65,(anonymous_13)
FN:73,(anonymous_14)
FN:81,(anonymous_15)
FN:111,(anonymous_16)
FNF:17
FNH:14
FNDA:22,(anonymous_0)
FNDA:8,(anonymous_1)
FNDA:8,(anonymous_2)
FNDA:53,(anonymous_3)
FNDA:1,(anonymous_4)
FNDA:1,(anonymous_5)
FNDA:2,(anonymous_6)
FNDA:3,(anonymous_7)
FNDA:2,(anonymous_8)
FNDA:2,(anonymous_9)
FNDA:4,(anonymous_10)
FNDA:0,(anonymous_11)
FNDA:0,(anonymous_12)
FNDA:53,(anonymous_13)
FNDA:0,(anonymous_14)
FNDA:2,(anonymous_15)
FNDA:108,(anonymous_16)
DA:14,1
DA:15,22
DA:16,22
DA:18,22
DA:19,8
DA:20,8
DA:21,8
DA:23,8
DA:26,8
DA:29,53
DA:30,2
DA:31,1
DA:36,22
DA:37,3
DA:40,22
DA:41,2
DA:42,2
DA:43,2
DA:44,4
DA:49,2
DA:52,22
DA:53,0
DA:58,22
DA:66,53
DA:73,0
DA:81,2
DA:112,108
LF:27
LH:25
BRDA:44,0,0,2
BRDA:44,0,1,2
BRDA:64,1,0,12
BRDA:64,1,1,10
BRDA:70,2,0,7
BRDA:70,2,1,46
BRF:6
BRH:6
end_of_record
TN:
SF:src\middleware\Controller.ts
FN:6,(anonymous_0)
FN:10,(anonymous_1)
FN:14,(anonymous_2)
FN:18,(anonymous_3)
FN:22,(anonymous_4)
FNF:5
FNH:0
FNDA:0,(anonymous_0)
FNDA:0,(anonymous_1)
FNDA:0,(anonymous_2)
FNDA:0,(anonymous_3)
FNDA:0,(anonymous_4)
DA:4,0
DA:6,0
DA:7,0
DA:10,0
DA:11,0
DA:14,0
DA:15,0
DA:18,0
DA:19,0
DA:22,0
DA:23,0
LF:11
LH:0
BRF:0
BRH:0
end_of_record
TN:
SF:src\providers\BoxProvider.tsx
FN:7,(anonymous_0)
FNF:1
FNH:0
FNDA:0,(anonymous_0)
DA:7,0
DA:10,0
LF:2
LH:0
BRF:0
BRH:0
end_of_record
